<?xml version="1.0" encoding="UTF-8"?>
<!-- Generated by org.testng.reporters.JUnitReportReporter -->
<testsuite hostname="Lyncean-PC" name="scenerio_Component.Scenerio_Search" tests="1" failures="0" timestamp="1 May 2017 11:29:44 GMT" time="53.599" errors="0">
  <testcase name="testValidSearch" time="53.599" classname="scenerio_Component.Scenerio_Search"/>
</testsuite> <!-- scenerio_Component.Scenerio_Search -->
